{
  "stats": {
    "suites": 1,
    "tests": 4,
    "passes": 4,
    "pending": 0,
    "failures": 0,
    "start": "2023-05-05T05:50:30.102Z",
    "end": "2023-05-05T05:52:56.846Z",
    "duration": 146744,
    "testsRegistered": 4,
    "passPercent": 100,
    "pendingPercent": 0,
    "other": 0,
    "hasOther": false,
    "skipped": 0,
    "hasSkipped": false
  },
  "results": [
    {
      "uuid": "5efa71cf-d3e1-437c-8294-c4cfeb61e792",
      "title": "",
      "fullFile": "cypress\\e2e\\contact\\contact.cy.js",
      "file": "cypress\\e2e\\contact\\contact.cy.js",
      "beforeHooks": [],
      "afterHooks": [],
      "tests": [],
      "suites": [
        {
          "uuid": "6974f17c-68e3-4f8b-9c5d-b4b3a8a2d000",
          "title": "Contacts  Module",
          "fullFile": "",
          "file": "",
          "beforeHooks": [],
          "afterHooks": [],
          "tests": [
            {
              "title": "verify if empty form cannot be submitted",
              "fullTitle": "Contacts  Module verify if empty form cannot be submitted",
              "timedOut": null,
              "duration": 29268,
              "state": "passed",
              "speed": "slow",
              "pass": true,
              "fail": false,
              "pending": false,
              "context": null,
              "code": "contacts_module.submitEmpty_contact();",
              "err": {},
              "uuid": "10ad9637-3505-430f-b783-a98b3f68047f",
              "parentUUID": "6974f17c-68e3-4f8b-9c5d-b4b3a8a2d000",
              "isHook": false,
              "skipped": false
            },
            {
              "title": "Create A contact",
              "fullTitle": "Contacts  Module Create A contact",
              "timedOut": null,
              "duration": 54178,
              "state": "passed",
              "speed": "slow",
              "pass": true,
              "fail": false,
              "pending": false,
              "context": null,
              "code": "contacts_module.add_contact();",
              "err": {},
              "uuid": "2ff1aacc-61c9-452c-9d1c-49b07b8e12bd",
              "parentUUID": "6974f17c-68e3-4f8b-9c5d-b4b3a8a2d000",
              "isHook": false,
              "skipped": false
            },
            {
              "title": "Edit A contact",
              "fullTitle": "Contacts  Module Edit A contact",
              "timedOut": null,
              "duration": 38650,
              "state": "passed",
              "speed": "slow",
              "pass": true,
              "fail": false,
              "pending": false,
              "context": null,
              "code": "contacts_module.search_contact();\ncontacts_module.edit_contact();\ncontacts_module.fill_editContactForm();",
              "err": {},
              "uuid": "e7e552ce-5307-453c-886a-23e98ab9b904",
              "parentUUID": "6974f17c-68e3-4f8b-9c5d-b4b3a8a2d000",
              "isHook": false,
              "skipped": false
            },
            {
              "title": "Delete A contact",
              "fullTitle": "Contacts  Module Delete A contact",
              "timedOut": null,
              "duration": 20920,
              "state": "passed",
              "speed": "slow",
              "pass": true,
              "fail": false,
              "pending": false,
              "context": null,
              "code": "contacts_module.search_contact();\ncontacts_module.select_searched();\ncontacts_module.delete_contact();\ncontacts_module.verify_delete();",
              "err": {},
              "uuid": "5541fd85-ab6c-4f08-a0a9-b8b594f8bc51",
              "parentUUID": "6974f17c-68e3-4f8b-9c5d-b4b3a8a2d000",
              "isHook": false,
              "skipped": false
            }
          ],
          "suites": [],
          "passes": [
            "10ad9637-3505-430f-b783-a98b3f68047f",
            "2ff1aacc-61c9-452c-9d1c-49b07b8e12bd",
            "e7e552ce-5307-453c-886a-23e98ab9b904",
            "5541fd85-ab6c-4f08-a0a9-b8b594f8bc51"
          ],
          "failures": [],
          "pending": [],
          "skipped": [],
          "duration": 143016,
          "root": false,
          "rootEmpty": false,
          "_timeout": 2000
        }
      ],
      "passes": [],
      "failures": [],
      "pending": [],
      "skipped": [],
      "duration": 0,
      "root": true,
      "rootEmpty": true,
      "_timeout": 2000
    }
  ],
  "meta": {
    "mocha": {
      "version": "7.0.1"
    },
    "mochawesome": {
      "options": {
        "quiet": false,
        "reportFilename": "[status]-[datetime]-[name]-report",
        "saveHtml": false,
        "saveJson": true,
        "consoleReporter": "spec",
        "useInlineDiffs": false,
        "code": true
      },
      "version": "7.1.3"
    },
    "marge": {
      "options": {
        "reportDir": "cypress/reports/mocha",
        "reportFilename": "[status]-[datetime]-[name]-report",
        "overwrite": true,
        "html": false,
        "json": true
      },
      "version": "6.2.0"
    }
  }
}