{
  "stats": {
    "suites": 4,
    "tests": 15,
    "passes": 15,
    "pending": 0,
    "failures": 0,
    "testsRegistered": 15,
    "passPercent": 100,
    "pendingPercent": 0,
    "other": 0,
    "hasOther": false,
    "skipped": 0,
    "hasSkipped": false,
    "start": "2023-05-05T05:46:26.457Z",
    "end": "2023-05-05T05:56:30.059Z",
    "duration": 603602
  },
  "results": [
    {
      "uuid": "1136d6ac-dc8f-4b3e-b181-ca33347a9403",
      "title": "",
      "fullFile": "cypress\\e2e\\impactArea\\impactArea.cy.js",
      "file": "cypress\\e2e\\impactArea\\impactArea.cy.js",
      "beforeHooks": [],
      "afterHooks": [],
      "tests": [],
      "suites": [
        {
          "uuid": "8138aefb-b2bf-4cff-beb6-36c9c8a3a2df",
          "title": "Impact Areas  Module",
          "fullFile": "",
          "file": "",
          "beforeHooks": [],
          "afterHooks": [],
          "tests": [
            {
              "title": "verify if empty form cannot be submitted",
              "fullTitle": "Impact Areas  Module verify if empty form cannot be submitted",
              "timedOut": null,
              "duration": 31935,
              "state": "passed",
              "speed": "slow",
              "pass": true,
              "fail": false,
              "pending": false,
              "context": null,
              "code": "impactAreas_module.submitEmpty_impactArea();",
              "err": {},
              "uuid": "dc05de07-afe8-49b1-a5ad-35f3ac23d584",
              "parentUUID": "8138aefb-b2bf-4cff-beb6-36c9c8a3a2df",
              "isHook": false,
              "skipped": false
            },
            {
              "title": "Create Impact Areas",
              "fullTitle": "Impact Areas  Module Create Impact Areas",
              "timedOut": null,
              "duration": 77701,
              "state": "passed",
              "speed": "slow",
              "pass": true,
              "fail": false,
              "pending": false,
              "context": null,
              "code": "impactAreas_module.add_impactArea();",
              "err": {},
              "uuid": "6ead1c4e-fb14-4f64-be0c-c970cf1fe3c7",
              "parentUUID": "8138aefb-b2bf-4cff-beb6-36c9c8a3a2df",
              "isHook": false,
              "skipped": false
            },
            {
              "title": "Edit Impact Areas",
              "fullTitle": "Impact Areas  Module Edit Impact Areas",
              "timedOut": null,
              "duration": 31431,
              "state": "passed",
              "speed": "slow",
              "pass": true,
              "fail": false,
              "pending": false,
              "context": null,
              "code": "impactAreas_module.search_impactArea();\nimpactAreas_module.edit_impactArea();\nimpactAreas_module.fill_editContactForm();",
              "err": {},
              "uuid": "0f71dc6a-13a7-4074-b5e0-a8674b4835e0",
              "parentUUID": "8138aefb-b2bf-4cff-beb6-36c9c8a3a2df",
              "isHook": false,
              "skipped": false
            },
            {
              "title": "Delete Impact Areas",
              "fullTitle": "Impact Areas  Module Delete Impact Areas",
              "timedOut": null,
              "duration": 65540,
              "state": "passed",
              "speed": "slow",
              "pass": true,
              "fail": false,
              "pending": false,
              "context": null,
              "code": "impactAreas_module.search_impactArea();\nimpactAreas_module.select_searched();\nimpactAreas_module.delete_contact();\nimpactAreas_module.verify_delete();",
              "err": {},
              "uuid": "6abc3538-881d-4e53-9184-7ec2dc2ec3fb",
              "parentUUID": "8138aefb-b2bf-4cff-beb6-36c9c8a3a2df",
              "isHook": false,
              "skipped": false
            }
          ],
          "suites": [],
          "passes": [
            "dc05de07-afe8-49b1-a5ad-35f3ac23d584",
            "6ead1c4e-fb14-4f64-be0c-c970cf1fe3c7",
            "0f71dc6a-13a7-4074-b5e0-a8674b4835e0",
            "6abc3538-881d-4e53-9184-7ec2dc2ec3fb"
          ],
          "failures": [],
          "pending": [],
          "skipped": [],
          "duration": 206607,
          "root": false,
          "rootEmpty": false,
          "_timeout": 2000
        }
      ],
      "passes": [],
      "failures": [],
      "pending": [],
      "skipped": [],
      "duration": 0,
      "root": true,
      "rootEmpty": true,
      "_timeout": 2000
    },
    {
      "uuid": "5efa71cf-d3e1-437c-8294-c4cfeb61e792",
      "title": "",
      "fullFile": "cypress\\e2e\\contact\\contact.cy.js",
      "file": "cypress\\e2e\\contact\\contact.cy.js",
      "beforeHooks": [],
      "afterHooks": [],
      "tests": [],
      "suites": [
        {
          "uuid": "6974f17c-68e3-4f8b-9c5d-b4b3a8a2d000",
          "title": "Contacts  Module",
          "fullFile": "",
          "file": "",
          "beforeHooks": [],
          "afterHooks": [],
          "tests": [
            {
              "title": "verify if empty form cannot be submitted",
              "fullTitle": "Contacts  Module verify if empty form cannot be submitted",
              "timedOut": null,
              "duration": 29268,
              "state": "passed",
              "speed": "slow",
              "pass": true,
              "fail": false,
              "pending": false,
              "context": null,
              "code": "contacts_module.submitEmpty_contact();",
              "err": {},
              "uuid": "10ad9637-3505-430f-b783-a98b3f68047f",
              "parentUUID": "6974f17c-68e3-4f8b-9c5d-b4b3a8a2d000",
              "isHook": false,
              "skipped": false
            },
            {
              "title": "Create A contact",
              "fullTitle": "Contacts  Module Create A contact",
              "timedOut": null,
              "duration": 54178,
              "state": "passed",
              "speed": "slow",
              "pass": true,
              "fail": false,
              "pending": false,
              "context": null,
              "code": "contacts_module.add_contact();",
              "err": {},
              "uuid": "2ff1aacc-61c9-452c-9d1c-49b07b8e12bd",
              "parentUUID": "6974f17c-68e3-4f8b-9c5d-b4b3a8a2d000",
              "isHook": false,
              "skipped": false
            },
            {
              "title": "Edit A contact",
              "fullTitle": "Contacts  Module Edit A contact",
              "timedOut": null,
              "duration": 38650,
              "state": "passed",
              "speed": "slow",
              "pass": true,
              "fail": false,
              "pending": false,
              "context": null,
              "code": "contacts_module.search_contact();\ncontacts_module.edit_contact();\ncontacts_module.fill_editContactForm();",
              "err": {},
              "uuid": "e7e552ce-5307-453c-886a-23e98ab9b904",
              "parentUUID": "6974f17c-68e3-4f8b-9c5d-b4b3a8a2d000",
              "isHook": false,
              "skipped": false
            },
            {
              "title": "Delete A contact",
              "fullTitle": "Contacts  Module Delete A contact",
              "timedOut": null,
              "duration": 20920,
              "state": "passed",
              "speed": "slow",
              "pass": true,
              "fail": false,
              "pending": false,
              "context": null,
              "code": "contacts_module.search_contact();\ncontacts_module.select_searched();\ncontacts_module.delete_contact();\ncontacts_module.verify_delete();",
              "err": {},
              "uuid": "5541fd85-ab6c-4f08-a0a9-b8b594f8bc51",
              "parentUUID": "6974f17c-68e3-4f8b-9c5d-b4b3a8a2d000",
              "isHook": false,
              "skipped": false
            }
          ],
          "suites": [],
          "passes": [
            "10ad9637-3505-430f-b783-a98b3f68047f",
            "2ff1aacc-61c9-452c-9d1c-49b07b8e12bd",
            "e7e552ce-5307-453c-886a-23e98ab9b904",
            "5541fd85-ab6c-4f08-a0a9-b8b594f8bc51"
          ],
          "failures": [],
          "pending": [],
          "skipped": [],
          "duration": 143016,
          "root": false,
          "rootEmpty": false,
          "_timeout": 2000
        }
      ],
      "passes": [],
      "failures": [],
      "pending": [],
      "skipped": [],
      "duration": 0,
      "root": true,
      "rootEmpty": true,
      "_timeout": 2000
    },
    {
      "uuid": "504d7299-7257-47c1-8f84-e7578e488f14",
      "title": "",
      "fullFile": "cypress\\e2e\\campaign\\campaign.cy.js",
      "file": "cypress\\e2e\\campaign\\campaign.cy.js",
      "beforeHooks": [],
      "afterHooks": [],
      "tests": [],
      "suites": [
        {
          "uuid": "5596dd5d-f4b8-4d98-a6cb-08962dbe00c8",
          "title": "Campaign  Module",
          "fullFile": "",
          "file": "",
          "beforeHooks": [],
          "afterHooks": [],
          "tests": [
            {
              "title": "verify if empty form cannot be submitted",
              "fullTitle": "Campaign  Module verify if empty form cannot be submitted",
              "timedOut": null,
              "duration": 35136,
              "state": "passed",
              "speed": "slow",
              "pass": true,
              "fail": false,
              "pending": false,
              "context": null,
              "code": "campaign_module.submitEmpty_campaign();",
              "err": {},
              "uuid": "bf03b130-d97a-406c-b48b-424640e66179",
              "parentUUID": "5596dd5d-f4b8-4d98-a6cb-08962dbe00c8",
              "isHook": false,
              "skipped": false
            },
            {
              "title": "Create Campaign",
              "fullTitle": "Campaign  Module Create Campaign",
              "timedOut": null,
              "duration": 33753,
              "state": "passed",
              "speed": "slow",
              "pass": true,
              "fail": false,
              "pending": false,
              "context": null,
              "code": "campaign_module.add_campaign();",
              "err": {},
              "uuid": "12fda260-a3af-45f2-87bc-d17edb97af88",
              "parentUUID": "5596dd5d-f4b8-4d98-a6cb-08962dbe00c8",
              "isHook": false,
              "skipped": false
            },
            {
              "title": "Edit Campaign",
              "fullTitle": "Campaign  Module Edit Campaign",
              "timedOut": null,
              "duration": 34616,
              "state": "passed",
              "speed": "slow",
              "pass": true,
              "fail": false,
              "pending": false,
              "context": null,
              "code": "campaign_module.search_campaign();\ncampaign_module.edit_campaign();\ncampaign_module.fill_editCampaignForm();",
              "err": {},
              "uuid": "87f915d8-5378-4df2-84f7-5fa06b69f893",
              "parentUUID": "5596dd5d-f4b8-4d98-a6cb-08962dbe00c8",
              "isHook": false,
              "skipped": false
            },
            {
              "title": "Delete Campaign",
              "fullTitle": "Campaign  Module Delete Campaign",
              "timedOut": null,
              "duration": 25479,
              "state": "passed",
              "speed": "slow",
              "pass": true,
              "fail": false,
              "pending": false,
              "context": null,
              "code": "campaign_module.search_campaign();\ncampaign_module.select_searched();\ncampaign_module.delete_contact();\ncampaign_module.verify_delete();",
              "err": {},
              "uuid": "ae14ac5c-4ab5-4925-8532-52f976c7ab59",
              "parentUUID": "5596dd5d-f4b8-4d98-a6cb-08962dbe00c8",
              "isHook": false,
              "skipped": false
            }
          ],
          "suites": [],
          "passes": [
            "bf03b130-d97a-406c-b48b-424640e66179",
            "12fda260-a3af-45f2-87bc-d17edb97af88",
            "87f915d8-5378-4df2-84f7-5fa06b69f893",
            "ae14ac5c-4ab5-4925-8532-52f976c7ab59"
          ],
          "failures": [],
          "pending": [],
          "skipped": [],
          "duration": 128984,
          "root": false,
          "rootEmpty": false,
          "_timeout": 2000
        }
      ],
      "passes": [],
      "failures": [],
      "pending": [],
      "skipped": [],
      "duration": 0,
      "root": true,
      "rootEmpty": true,
      "_timeout": 2000
    },
    {
      "uuid": "24c93151-7cb7-4145-8f6a-240bad7b83e8",
      "title": "",
      "fullFile": "cypress\\e2e\\login\\login.cy.js",
      "file": "cypress\\e2e\\login\\login.cy.js",
      "beforeHooks": [],
      "afterHooks": [],
      "tests": [],
      "suites": [
        {
          "uuid": "6e965552-34f9-4341-a702-107bf8d1a601",
          "title": "Login Module",
          "fullFile": "",
          "file": "",
          "beforeHooks": [],
          "afterHooks": [],
          "tests": [
            {
              "title": "validLogin",
              "fullTitle": "Login Module validLogin",
              "timedOut": null,
              "duration": 26425,
              "state": "passed",
              "speed": "slow",
              "pass": true,
              "fail": false,
              "pending": false,
              "context": null,
              "code": "cy.Login();",
              "err": {},
              "uuid": "8e3aa237-2125-484a-8a3c-efb3bc8e341b",
              "parentUUID": "6e965552-34f9-4341-a702-107bf8d1a601",
              "isHook": false,
              "skipped": false
            },
            {
              "title": "Invalid login with valid username and invalid password ",
              "fullTitle": "Login Module Invalid login with valid username and invalid password ",
              "timedOut": null,
              "duration": 11850,
              "state": "passed",
              "speed": "slow",
              "pass": true,
              "fail": false,
              "pending": false,
              "context": null,
              "code": "(0, _loginObj.invalid_login)(Cypress.env('dev').Cred.email, \"admin@123\");",
              "err": {},
              "uuid": "5e6dbdc1-7747-44d1-869e-0a70a9263542",
              "parentUUID": "6e965552-34f9-4341-a702-107bf8d1a601",
              "isHook": false,
              "skipped": false
            },
            {
              "title": "Invalid login with invalid username and valid password ",
              "fullTitle": "Login Module Invalid login with invalid username and valid password ",
              "timedOut": null,
              "duration": 6229,
              "state": "passed",
              "speed": "medium",
              "pass": true,
              "fail": false,
              "pending": false,
              "context": null,
              "code": "(0, _loginObj.invalid_login)(\"admin123@gmail.com\", Cypress.env('dev').Cred.password);",
              "err": {},
              "uuid": "29c785a8-28b1-4793-866a-f5c37f1b7e68",
              "parentUUID": "6e965552-34f9-4341-a702-107bf8d1a601",
              "isHook": false,
              "skipped": false
            }
          ],
          "suites": [],
          "passes": [
            "8e3aa237-2125-484a-8a3c-efb3bc8e341b",
            "5e6dbdc1-7747-44d1-869e-0a70a9263542",
            "29c785a8-28b1-4793-866a-f5c37f1b7e68"
          ],
          "failures": [],
          "pending": [],
          "skipped": [],
          "duration": 44504,
          "root": false,
          "rootEmpty": false,
          "_timeout": 2000
        }
      ],
      "passes": [],
      "failures": [],
      "pending": [],
      "skipped": [],
      "duration": 0,
      "root": true,
      "rootEmpty": true,
      "_timeout": 2000
    }
  ],
  "meta": {
    "mocha": {
      "version": "7.0.1"
    },
    "mochawesome": {
      "options": {
        "quiet": false,
        "reportFilename": "[status]-[datetime]-[name]-report",
        "saveHtml": false,
        "saveJson": true,
        "consoleReporter": "spec",
        "useInlineDiffs": false,
        "code": true
      },
      "version": "7.1.3"
    },
    "marge": {
      "options": {
        "reportDir": "cypress/reports/mocha",
        "reportFilename": "[status]-[datetime]-[name]-report",
        "overwrite": true,
        "html": false,
        "json": true
      },
      "version": "6.2.0"
    }
  }
}